2026-01-04 00:57:55,935 - agent.analyzer - ERROR - Analyzer task failed: combined_from_posts
Traceback (most recent call last):
  File "E:\Business_Idea_Validator\agent_system\agents\subagents\analyzer_agent.py", line 101, in execute
    result = await self._combined_analysis_from_posts(context, kwargs)
             ^^^^^^^^^^^^^^^^^^^^^^^^^^^^^^^^^^^^^^^^^^^^^^^^^^^^^^^^^
  File "E:\Business_Idea_Validator\agent_system\agents\subagents\analyzer_agent.py", line 635, in _combined_analysis_from_posts
    "analysis_date": "{datetime.now().isoformat()}"
                       ^^^^^^^^
UnboundLocalError: cannot access local variable 'datetime' where it is not associated with a value
2026-01-04 00:57:55,949 - agent.analyzer - ERROR - Analyzer task failed: combined_from_posts
Traceback (most recent call last):
  File "E:\Business_Idea_Validator\agent_system\agents\subagents\analyzer_agent.py", line 101, in execute
    result = await self._combined_analysis_from_posts(context, kwargs)
             ^^^^^^^^^^^^^^^^^^^^^^^^^^^^^^^^^^^^^^^^^^^^^^^^^^^^^^^^^
  File "E:\Business_Idea_Validator\agent_system\agents\subagents\analyzer_agent.py", line 635, in _combined_analysis_from_posts
    "analysis_date": "{datetime.now().isoformat()}"
                       ^^^^^^^^
UnboundLocalError: cannot access local variable 'datetime' where it is not associated with a value
2026-01-04 00:57:56,954 - agent.analyzer - ERROR - Analyzer task failed: combined_from_posts
Traceback (most recent call last):
  File "E:\Business_Idea_Validator\agent_system\agents\subagents\analyzer_agent.py", line 101, in execute
    result = await self._combined_analysis_from_posts(context, kwargs)
             ^^^^^^^^^^^^^^^^^^^^^^^^^^^^^^^^^^^^^^^^^^^^^^^^^^^^^^^^^
  File "E:\Business_Idea_Validator\agent_system\agents\subagents\analyzer_agent.py", line 635, in _combined_analysis_from_posts
    "analysis_date": "{datetime.now().isoformat()}"
                       ^^^^^^^^
UnboundLocalError: cannot access local variable 'datetime' where it is not associated with a value
2026-01-04 00:57:58,969 - agent.orchestrator - ERROR - Validation failed: None
